INFO:root:[(5, 1), (5, 2), (5, 3), (5, 4), (5, 5), (5, 6), (5, 7), (5, 8), (5, 9), (5, 10), (6, 10), (6, 11), (6, 12), (6, 13), (6, 14), (6, 15), (6, 16), (6, 17), (6, 18), (6, 19), (6, 20), (6, 21), (6, 22), (6, 23), (7, 23), (8, 23), (9, 23), (10, 23), (11, 23), (12, 23), (13, 23), (14, 23), (14, 24), (14, 25), (15, 25), (16, 25), (17, 25), (18, 25), (19, 25), (20, 25), (21, 25), (22, 25), (23, 25), (24, 25), (25, 25), (26, 25), (27, 25), (28, 25), (29, 25), (30, 25), (31, 25), (32, 25), (33, 25), (34, 25), (35, 25)]
INFO:root:[(5, 2), (5, 3), (5, 4), (5, 5), (5, 6), (5, 7), (5, 8), (5, 9), (5, 10), (6, 10), (6, 11), (6, 12), (6, 13), (6, 14), (6, 15), (6, 16), (6, 17), (6, 18), (6, 19), (6, 20), (6, 21), (6, 22), (6, 23), (7, 23), (8, 23), (9, 23), (10, 23), (11, 23), (12, 23), (13, 23), (14, 23), (14, 24), (14, 25), (15, 25), (16, 25), (17, 25), (18, 25), (19, 25), (20, 25), (21, 25), (22, 25), (23, 25), (24, 25), (25, 25), (26, 25), (27, 25), (28, 25), (29, 25), (30, 25), (31, 25), (32, 25), (33, 25), (34, 25), (35, 25)]
INFO:root:[(5, 3), (5, 4), (5, 5), (5, 6), (5, 7), (5, 8), (5, 9), (5, 10), (6, 10), (6, 11), (6, 12), (6, 13), (6, 14), (6, 15), (6, 16), (6, 17), (6, 18), (6, 19), (6, 20), (6, 21), (6, 22), (6, 23), (7, 23), (8, 23), (9, 23), (10, 23), (11, 23), (12, 23), (13, 23), (14, 23), (14, 24), (14, 25), (15, 25), (16, 25), (17, 25), (18, 25), (19, 25), (20, 25), (21, 25), (22, 25), (23, 25), (24, 25), (25, 25), (26, 25), (27, 25), (28, 25), (29, 25), (30, 25), (31, 25), (32, 25), (33, 25), (34, 25), (35, 25)]
INFO:root:[(5, 4), (5, 5), (5, 6), (5, 7), (5, 8), (5, 9), (5, 10), (6, 10), (6, 11), (6, 12), (6, 13), (6, 14), (6, 15), (6, 16), (6, 17), (6, 18), (6, 19), (6, 20), (6, 21), (6, 22), (6, 23), (7, 23), (8, 23), (9, 23), (10, 23), (11, 23), (12, 23), (13, 23), (14, 23), (14, 24), (14, 25), (15, 25), (16, 25), (17, 25), (18, 25), (19, 25), (20, 25), (21, 25), (22, 25), (23, 25), (24, 25), (25, 25), (26, 25), (27, 25), (28, 25), (29, 25), (30, 25), (31, 25), (32, 25), (33, 25), (34, 25), (35, 25)]
INFO:root:[(5, 5), (5, 6), (5, 7), (5, 8), (5, 9), (5, 10), (6, 10), (6, 11), (6, 12), (6, 13), (6, 14), (6, 15), (6, 16), (6, 17), (6, 18), (6, 19), (6, 20), (6, 21), (6, 22), (6, 23), (7, 23), (8, 23), (9, 23), (10, 23), (11, 23), (12, 23), (13, 23), (14, 23), (14, 24), (14, 25), (15, 25), (16, 25), (17, 25), (18, 25), (19, 25), (20, 25), (21, 25), (22, 25), (23, 25), (24, 25), (25, 25), (26, 25), (27, 25), (28, 25), (29, 25), (30, 25), (31, 25), (32, 25), (33, 25), (34, 25), (35, 25)]
INFO:root:[(5, 6), (5, 7), (5, 8), (5, 9), (5, 10), (6, 10), (6, 11), (6, 12), (6, 13), (6, 14), (6, 15), (6, 16), (6, 17), (6, 18), (6, 19), (6, 20), (6, 21), (6, 22), (6, 23), (7, 23), (8, 23), (9, 23), (10, 23), (11, 23), (12, 23), (13, 23), (14, 23), (14, 24), (14, 25), (15, 25), (16, 25), (17, 25), (18, 25), (19, 25), (20, 25), (21, 25), (22, 25), (23, 25), (24, 25), (25, 25), (26, 25), (27, 25), (28, 25), (29, 25), (30, 25), (31, 25), (32, 25), (33, 25), (34, 25), (35, 25)]
INFO:root:[(5, 7), (5, 8), (5, 9), (5, 10), (6, 10), (6, 11), (6, 12), (6, 13), (6, 14), (6, 15), (6, 16), (6, 17), (6, 18), (6, 19), (6, 20), (6, 21), (6, 22), (6, 23), (7, 23), (8, 23), (9, 23), (10, 23), (11, 23), (12, 23), (13, 23), (14, 23), (14, 24), (14, 25), (15, 25), (16, 25), (17, 25), (18, 25), (19, 25), (20, 25), (21, 25), (22, 25), (23, 25), (24, 25), (25, 25), (26, 25), (27, 25), (28, 25), (29, 25), (30, 25), (31, 25), (32, 25), (33, 25), (34, 25), (35, 25)]
INFO:root:[(5, 8), (5, 9), (5, 10), (6, 10), (6, 11), (6, 12), (6, 13), (6, 14), (6, 15), (6, 16), (6, 17), (6, 18), (6, 19), (6, 20), (6, 21), (6, 22), (6, 23), (7, 23), (8, 23), (9, 23), (10, 23), (11, 23), (12, 23), (13, 23), (14, 23), (14, 24), (14, 25), (15, 25), (16, 25), (17, 25), (18, 25), (19, 25), (20, 25), (21, 25), (22, 25), (23, 25), (24, 25), (25, 25), (26, 25), (27, 25), (28, 25), (29, 25), (30, 25), (31, 25), (32, 25), (33, 25), (34, 25), (35, 25)]
INFO:root:[(5, 9), (5, 10), (6, 10), (6, 11), (6, 12), (6, 13), (6, 14), (6, 15), (6, 16), (6, 17), (6, 18), (6, 19), (6, 20), (6, 21), (6, 22), (6, 23), (7, 23), (8, 23), (9, 23), (10, 23), (11, 23), (12, 23), (13, 23), (14, 23), (14, 24), (14, 25), (15, 25), (16, 25), (17, 25), (18, 25), (19, 25), (20, 25), (21, 25), (22, 25), (23, 25), (24, 25), (25, 25), (26, 25), (27, 25), (28, 25), (29, 25), (30, 25), (31, 25), (32, 25), (33, 25), (34, 25), (35, 25)]
INFO:root:[(5, 10), (6, 10), (6, 11), (6, 12), (6, 13), (6, 14), (6, 15), (6, 16), (6, 17), (6, 18), (6, 19), (6, 20), (6, 21), (6, 22), (6, 23), (7, 23), (8, 23), (9, 23), (10, 23), (11, 23), (12, 23), (13, 23), (14, 23), (14, 24), (14, 25), (15, 25), (16, 25), (17, 25), (18, 25), (19, 25), (20, 25), (21, 25), (22, 25), (23, 25), (24, 25), (25, 25), (26, 25), (27, 25), (28, 25), (29, 25), (30, 25), (31, 25), (32, 25), (33, 25), (34, 25), (35, 25)]
INFO:root:[(6, 10), (6, 11), (6, 12), (6, 13), (6, 14), (6, 15), (6, 16), (6, 17), (6, 18), (6, 19), (6, 20), (6, 21), (6, 22), (6, 23), (7, 23), (8, 23), (9, 23), (10, 23), (11, 23), (12, 23), (13, 23), (14, 23), (14, 24), (14, 25), (15, 25), (16, 25), (17, 25), (18, 25), (19, 25), (20, 25), (21, 25), (22, 25), (23, 25), (24, 25), (25, 25), (26, 25), (27, 25), (28, 25), (29, 25), (30, 25), (31, 25), (32, 25), (33, 25), (34, 25), (35, 25)]
INFO:root:[(6, 11), (6, 12), (6, 13), (6, 14), (6, 15), (6, 16), (6, 17), (6, 18), (6, 19), (6, 20), (6, 21), (6, 22), (6, 23), (7, 23), (8, 23), (9, 23), (10, 23), (11, 23), (12, 23), (13, 23), (14, 23), (14, 24), (14, 25), (15, 25), (16, 25), (17, 25), (18, 25), (19, 25), (20, 25), (21, 25), (22, 25), (23, 25), (24, 25), (25, 25), (26, 25), (27, 25), (28, 25), (29, 25), (30, 25), (31, 25), (32, 25), (33, 25), (34, 25), (35, 25)]
INFO:root:[(6, 12), (6, 13), (6, 14), (6, 15), (6, 16), (6, 17), (6, 18), (6, 19), (6, 20), (6, 21), (6, 22), (6, 23), (7, 23), (8, 23), (9, 23), (10, 23), (11, 23), (12, 23), (13, 23), (14, 23), (14, 24), (14, 25), (15, 25), (16, 25), (17, 25), (18, 25), (19, 25), (20, 25), (21, 25), (22, 25), (23, 25), (24, 25), (25, 25), (26, 25), (27, 25), (28, 25), (29, 25), (30, 25), (31, 25), (32, 25), (33, 25), (34, 25), (35, 25)]
INFO:root:[(6, 13), (6, 14), (6, 15), (6, 16), (6, 17), (6, 18), (6, 19), (6, 20), (6, 21), (6, 22), (6, 23), (7, 23), (8, 23), (9, 23), (10, 23), (11, 23), (12, 23), (13, 23), (14, 23), (14, 24), (14, 25), (15, 25), (16, 25), (17, 25), (18, 25), (19, 25), (20, 25), (21, 25), (22, 25), (23, 25), (24, 25), (25, 25), (26, 25), (27, 25), (28, 25), (29, 25), (30, 25), (31, 25), (32, 25), (33, 25), (34, 25), (35, 25)]
INFO:root:[(6, 14), (6, 15), (6, 16), (6, 17), (6, 18), (6, 19), (6, 20), (6, 21), (6, 22), (6, 23), (7, 23), (8, 23), (9, 23), (10, 23), (11, 23), (12, 23), (13, 23), (14, 23), (14, 24), (14, 25), (15, 25), (16, 25), (17, 25), (18, 25), (19, 25), (20, 25), (21, 25), (22, 25), (23, 25), (24, 25), (25, 25), (26, 25), (27, 25), (28, 25), (29, 25), (30, 25), (31, 25), (32, 25), (33, 25), (34, 25), (35, 25)]
INFO:root:[(6, 15), (6, 16), (6, 17), (6, 18), (6, 19), (6, 20), (6, 21), (6, 22), (6, 23), (7, 23), (8, 23), (9, 23), (10, 23), (11, 23), (12, 23), (13, 23), (14, 23), (14, 24), (14, 25), (15, 25), (16, 25), (17, 25), (18, 25), (19, 25), (20, 25), (21, 25), (22, 25), (23, 25), (24, 25), (25, 25), (26, 25), (27, 25), (28, 25), (29, 25), (30, 25), (31, 25), (32, 25), (33, 25), (34, 25), (35, 25)]
INFO:root:[(6, 16), (6, 17), (6, 18), (6, 19), (6, 20), (6, 21), (6, 22), (6, 23), (7, 23), (8, 23), (9, 23), (10, 23), (11, 23), (12, 23), (13, 23), (14, 23), (14, 24), (14, 25), (15, 25), (16, 25), (17, 25), (18, 25), (19, 25), (20, 25), (21, 25), (22, 25), (23, 25), (24, 25), (25, 25), (26, 25), (27, 25), (28, 25), (29, 25), (30, 25), (31, 25), (32, 25), (33, 25), (34, 25), (35, 25)]
INFO:root:[(6, 17), (6, 18), (6, 19), (6, 20), (6, 21), (6, 22), (6, 23), (7, 23), (8, 23), (9, 23), (10, 23), (11, 23), (12, 23), (13, 23), (14, 23), (14, 24), (14, 25), (15, 25), (16, 25), (17, 25), (18, 25), (19, 25), (20, 25), (21, 25), (22, 25), (23, 25), (24, 25), (25, 25), (26, 25), (27, 25), (28, 25), (29, 25), (30, 25), (31, 25), (32, 25), (33, 25), (34, 25), (35, 25)]
INFO:root:[(6, 18), (6, 19), (6, 20), (6, 21), (6, 22), (6, 23), (7, 23), (8, 23), (9, 23), (10, 23), (11, 23), (12, 23), (13, 23), (14, 23), (14, 24), (14, 25), (15, 25), (16, 25), (17, 25), (18, 25), (19, 25), (20, 25), (21, 25), (22, 25), (23, 25), (24, 25), (25, 25), (26, 25), (27, 25), (28, 25), (29, 25), (30, 25), (31, 25), (32, 25), (33, 25), (34, 25), (35, 25)]
INFO:root:[(6, 19), (6, 20), (6, 21), (6, 22), (6, 23), (7, 23), (8, 23), (9, 23), (10, 23), (11, 23), (12, 23), (13, 23), (14, 23), (14, 24), (14, 25), (15, 25), (16, 25), (17, 25), (18, 25), (19, 25), (20, 25), (21, 25), (22, 25), (23, 25), (24, 25), (25, 25), (26, 25), (27, 25), (28, 25), (29, 25), (30, 25), (31, 25), (32, 25), (33, 25), (34, 25), (35, 25)]
INFO:root:[(6, 20), (6, 21), (6, 22), (6, 23), (7, 23), (8, 23), (9, 23), (10, 23), (11, 23), (12, 23), (13, 23), (14, 23), (14, 24), (14, 25), (15, 25), (16, 25), (17, 25), (18, 25), (19, 25), (20, 25), (21, 25), (22, 25), (23, 25), (24, 25), (25, 25), (26, 25), (27, 25), (28, 25), (29, 25), (30, 25), (31, 25), (32, 25), (33, 25), (34, 25), (35, 25)]
INFO:root:[(6, 21), (6, 22), (6, 23), (7, 23), (8, 23), (9, 23), (10, 23), (11, 23), (12, 23), (13, 23), (14, 23), (14, 24), (14, 25), (15, 25), (16, 25), (17, 25), (18, 25), (19, 25), (20, 25), (21, 25), (22, 25), (23, 25), (24, 25), (25, 25), (26, 25), (27, 25), (28, 25), (29, 25), (30, 25), (31, 25), (32, 25), (33, 25), (34, 25), (35, 25)]
INFO:root:[(6, 22), (6, 23), (7, 23), (8, 23), (9, 23), (10, 23), (11, 23), (12, 23), (13, 23), (14, 23), (14, 24), (14, 25), (15, 25), (16, 25), (17, 25), (18, 25), (19, 25), (20, 25), (21, 25), (22, 25), (23, 25), (24, 25), (25, 25), (26, 25), (27, 25), (28, 25), (29, 25), (30, 25), (31, 25), (32, 25), (33, 25), (34, 25), (35, 25)]
INFO:root:[(6, 23), (7, 23), (8, 23), (9, 23), (10, 23), (11, 23), (12, 23), (13, 23), (14, 23), (14, 24), (14, 25), (15, 25), (16, 25), (17, 25), (18, 25), (19, 25), (20, 25), (21, 25), (22, 25), (23, 25), (24, 25), (25, 25), (26, 25), (27, 25), (28, 25), (29, 25), (30, 25), (31, 25), (32, 25), (33, 25), (34, 25), (35, 25)]
INFO:root:[(7, 23), (8, 23), (9, 23), (10, 23), (11, 23), (12, 23), (13, 23), (14, 23), (14, 24), (14, 25), (15, 25), (16, 25), (17, 25), (18, 25), (19, 25), (20, 25), (21, 25), (22, 25), (23, 25), (24, 25), (25, 25), (26, 25), (27, 25), (28, 25), (29, 25), (30, 25), (31, 25), (32, 25), (33, 25), (34, 25), (35, 25)]
INFO:root:[(8, 23), (9, 23), (10, 23), (11, 23), (12, 23), (13, 23), (14, 23), (14, 24), (14, 25), (15, 25), (16, 25), (17, 25), (18, 25), (19, 25), (20, 25), (21, 25), (22, 25), (23, 25), (24, 25), (25, 25), (26, 25), (27, 25), (28, 25), (29, 25), (30, 25), (31, 25), (32, 25), (33, 25), (34, 25), (35, 25)]
INFO:root:[(9, 23), (10, 23), (11, 23), (12, 23), (13, 23), (14, 23), (14, 24), (14, 25), (15, 25), (16, 25), (17, 25), (18, 25), (19, 25), (20, 25), (21, 25), (22, 25), (23, 25), (24, 25), (25, 25), (26, 25), (27, 25), (28, 25), (29, 25), (30, 25), (31, 25), (32, 25), (33, 25), (34, 25), (35, 25)]
INFO:root:[(10, 23), (11, 23), (12, 23), (13, 23), (14, 23), (14, 24), (14, 25), (15, 25), (16, 25), (17, 25), (18, 25), (19, 25), (20, 25), (21, 25), (22, 25), (23, 25), (24, 25), (25, 25), (26, 25), (27, 25), (28, 25), (29, 25), (30, 25), (31, 25), (32, 25), (33, 25), (34, 25), (35, 25)]
INFO:root:[(11, 23), (12, 23), (13, 23), (14, 23), (14, 24), (14, 25), (15, 25), (16, 25), (17, 25), (18, 25), (19, 25), (20, 25), (21, 25), (22, 25), (23, 25), (24, 25), (25, 25), (26, 25), (27, 25), (28, 25), (29, 25), (30, 25), (31, 25), (32, 25), (33, 25), (34, 25), (35, 25)]
INFO:root:[(12, 23), (13, 23), (14, 23), (14, 24), (14, 25), (15, 25), (16, 25), (17, 25), (18, 25), (19, 25), (20, 25), (21, 25), (22, 25), (23, 25), (24, 25), (25, 25), (26, 25), (27, 25), (28, 25), (29, 25), (30, 25), (31, 25), (32, 25), (33, 25), (34, 25), (35, 25)]
INFO:root:[(13, 23), (14, 23), (14, 24), (14, 25), (15, 25), (16, 25), (17, 25), (18, 25), (19, 25), (20, 25), (21, 25), (22, 25), (23, 25), (24, 25), (25, 25), (26, 25), (27, 25), (28, 25), (29, 25), (30, 25), (31, 25), (32, 25), (33, 25), (34, 25), (35, 25)]
INFO:root:[(14, 23), (14, 24), (14, 25), (15, 25), (16, 25), (17, 25), (18, 25), (19, 25), (20, 25), (21, 25), (22, 25), (23, 25), (24, 25), (25, 25), (26, 25), (27, 25), (28, 25), (29, 25), (30, 25), (31, 25), (32, 25), (33, 25), (34, 25), (35, 25)]
INFO:root:[(14, 24), (14, 25), (15, 25), (16, 25), (17, 25), (18, 25), (19, 25), (20, 25), (21, 25), (22, 25), (23, 25), (24, 25), (25, 25), (26, 25), (27, 25), (28, 25), (29, 25), (30, 25), (31, 25), (32, 25), (33, 25), (34, 25), (35, 25)]
INFO:root:[(14, 25), (15, 25), (16, 25), (17, 25), (18, 25), (19, 25), (20, 25), (21, 25), (22, 25), (23, 25), (24, 25), (25, 25), (26, 25), (27, 25), (28, 25), (29, 25), (30, 25), (31, 25), (32, 25), (33, 25), (34, 25), (35, 25)]
INFO:root:[(15, 25), (16, 25), (17, 25), (18, 25), (19, 25), (20, 25), (21, 25), (22, 25), (23, 25), (24, 25), (25, 25), (26, 25), (27, 25), (28, 25), (29, 25), (30, 25), (31, 25), (32, 25), (33, 25), (34, 25), (35, 25)]
INFO:root:[(16, 25), (17, 25), (18, 25), (19, 25), (20, 25), (21, 25), (22, 25), (23, 25), (24, 25), (25, 25), (26, 25), (27, 25), (28, 25), (29, 25), (30, 25), (31, 25), (32, 25), (33, 25), (34, 25), (35, 25)]
INFO:root:[(17, 25), (18, 25), (19, 25), (20, 25), (21, 25), (22, 25), (23, 25), (24, 25), (25, 25), (26, 25), (27, 25), (28, 25), (29, 25), (30, 25), (31, 25), (32, 25), (33, 25), (34, 25), (35, 25)]
INFO:root:[(18, 25), (19, 25), (20, 25), (21, 25), (22, 25), (23, 25), (24, 25), (25, 25), (26, 25), (27, 25), (28, 25), (29, 25), (30, 25), (31, 25), (32, 25), (33, 25), (34, 25), (35, 25)]
INFO:root:[(19, 25), (20, 25), (21, 25), (22, 25), (23, 25), (24, 25), (25, 25), (26, 25), (27, 25), (28, 25), (29, 25), (30, 25), (31, 25), (32, 25), (33, 25), (34, 25), (35, 25)]
INFO:root:[(20, 25), (21, 25), (22, 25), (23, 25), (24, 25), (25, 25), (26, 25), (27, 25), (28, 25), (29, 25), (30, 25), (31, 25), (32, 25), (33, 25), (34, 25), (35, 25)]
INFO:root:[(21, 25), (22, 25), (23, 25), (24, 25), (25, 25), (26, 25), (27, 25), (28, 25), (29, 25), (30, 25), (31, 25), (32, 25), (33, 25), (34, 25), (35, 25)]
INFO:root:[(22, 25), (23, 25), (24, 25), (25, 25), (26, 25), (27, 25), (28, 25), (29, 25), (30, 25), (31, 25), (32, 25), (33, 25), (34, 25), (35, 25)]
INFO:root:[(23, 25), (24, 25), (25, 25), (26, 25), (27, 25), (28, 25), (29, 25), (30, 25), (31, 25), (32, 25), (33, 25), (34, 25), (35, 25)]
INFO:root:[(24, 25), (25, 25), (26, 25), (27, 25), (28, 25), (29, 25), (30, 25), (31, 25), (32, 25), (33, 25), (34, 25), (35, 25)]
INFO:root:[(25, 25), (26, 25), (27, 25), (28, 25), (29, 25), (30, 25), (31, 25), (32, 25), (33, 25), (34, 25), (35, 25)]
INFO:root:[(26, 25), (27, 25), (28, 25), (29, 25), (30, 25), (31, 25), (32, 25), (33, 25), (34, 25), (35, 25)]
INFO:root:[(27, 25), (28, 25), (29, 25), (30, 25), (31, 25), (32, 25), (33, 25), (34, 25), (35, 25)]
INFO:root:[(28, 25), (29, 25), (30, 25), (31, 25), (32, 25), (33, 25), (34, 25), (35, 25)]
INFO:root:[(29, 25), (30, 25), (31, 25), (32, 25), (33, 25), (34, 25), (35, 25)]
INFO:root:[(30, 25), (31, 25), (32, 25), (33, 25), (34, 25), (35, 25)]
INFO:root:[(31, 25), (32, 25), (33, 25), (34, 25), (35, 25)]
INFO:root:[(32, 25), (33, 25), (34, 25), (35, 25)]
INFO:root:[(33, 25), (34, 25), (35, 25)]
INFO:root:[(34, 25), (35, 25)]
INFO:root:[(34, 25), (35, 25)]
INFO:root:[(34, 25), (35, 25)]
INFO:root:[(34, 25), (35, 25)]
INFO:root:[(34, 25), (35, 25)]
INFO:root:[(34, 25), (35, 25)]
INFO:root:[(34, 25), (35, 25)]
INFO:root:[(34, 25), (35, 25)]
INFO:root:[(34, 25), (35, 25)]
INFO:root:[(34, 25), (35, 25)]
INFO:root:[(34, 25), (35, 25)]
INFO:root:[(34, 25), (35, 25)]
INFO:root:[(34, 25), (35, 25)]
INFO:root:[(34, 25), (35, 25)]
INFO:root:[(34, 25), (35, 25)]
INFO:root:[(34, 25), (35, 25)]
INFO:root:[(34, 25), (35, 25)]
INFO:root:[(34, 25), (35, 25)]
INFO:root:[(34, 25), (35, 25)]
INFO:root:[(34, 25), (35, 25)]
INFO:root:[(34, 25), (35, 25)]
INFO:root:[(34, 25), (35, 25)]
INFO:root:[(34, 25), (35, 25)]
INFO:root:[(34, 25), (35, 25)]
INFO:root:[(34, 25), (35, 25)]
INFO:root:[(34, 25), (35, 25)]
INFO:root:[(34, 25), (35, 25)]
INFO:root:[(34, 25), (35, 25)]
INFO:root:[(34, 25), (35, 25)]
INFO:root:[(34, 25), (35, 25)]
INFO:root:[(34, 25), (35, 25)]
INFO:root:[(34, 25), (35, 25)]
INFO:root:[(34, 25), (35, 25)]
INFO:root:[(34, 25), (35, 25)]
INFO:root:[(34, 25), (35, 25)]
INFO:root:[(34, 25), (35, 25)]
INFO:root:[(34, 25), (35, 25)]
INFO:root:[(34, 25), (35, 25)]
INFO:root:[(34, 25), (35, 25)]
INFO:root:[(34, 25), (35, 25)]
INFO:root:[(34, 25), (35, 25)]
INFO:root:[(34, 25), (35, 25)]
INFO:root:[(34, 25), (35, 25)]
INFO:root:[(34, 25), (35, 25)]
INFO:root:[(34, 25), (35, 25)]
INFO:root:[(34, 25), (35, 25)]
INFO:root:[(34, 25), (35, 25)]
INFO:root:[(34, 25), (35, 25)]
INFO:root:[(34, 25), (35, 25)]
INFO:root:[(34, 25), (35, 25)]
INFO:root:[(34, 25), (35, 25)]
INFO:root:[(34, 25), (35, 25)]
INFO:root:[(34, 25), (35, 25)]
INFO:root:[(34, 25), (35, 25)]
INFO:root:[(34, 25), (35, 25)]
INFO:root:[(34, 25), (35, 25)]
INFO:root:[(34, 25), (35, 25)]
INFO:root:[(34, 25), (35, 25)]
INFO:root:[(34, 25), (35, 25)]
INFO:root:[(34, 25), (35, 25)]
INFO:root:[(34, 25), (35, 25)]
INFO:root:[(34, 25), (35, 25)]
INFO:root:[(34, 25), (35, 25)]
INFO:root:[(34, 25), (35, 25)]
INFO:root:[(34, 25), (35, 25)]
INFO:root:[(34, 25), (35, 25)]
INFO:root:[(34, 25), (35, 25)]
INFO:root:[(34, 25), (35, 25)]
INFO:root:[(34, 25), (35, 25)]
INFO:root:[(34, 25), (35, 25)]
INFO:root:[(34, 25), (35, 25)]
INFO:root:[(34, 25), (35, 25)]
INFO:root:[(34, 25), (35, 25)]
INFO:root:[(34, 25), (35, 25)]
INFO:root:[(34, 25), (35, 25)]
INFO:root:[(34, 25), (35, 25)]
INFO:root:[(34, 25), (35, 25)]
INFO:root:[(34, 25), (35, 25)]
INFO:root:[(34, 25), (35, 25)]
INFO:root:[(34, 25), (35, 25)]
INFO:root:[(34, 25), (35, 25)]
INFO:root:[(34, 25), (35, 25)]
INFO:root:[(34, 25), (35, 25)]
INFO:root:[(34, 25), (35, 25)]
INFO:root:[(34, 25), (35, 25)]
INFO:root:[(34, 25), (35, 25)]
INFO:root:[(34, 25), (35, 25)]
INFO:root:[(34, 25), (35, 25)]
INFO:root:[(34, 25), (35, 25)]
INFO:root:[(34, 25), (35, 25)]
INFO:root:[(34, 25), (35, 25)]
INFO:root:[(34, 25), (35, 25)]
INFO:root:[(34, 25), (35, 25)]
INFO:root:[(34, 25), (35, 25)]
INFO:root:[(34, 25), (35, 25)]
INFO:root:[(34, 25), (35, 25)]
INFO:root:[(34, 25), (35, 25)]
INFO:root:[(34, 25), (35, 25)]
INFO:root:[(34, 25), (35, 25)]
INFO:root:[(34, 25), (35, 25)]
INFO:root:[(34, 25), (35, 25)]
INFO:root:[(34, 25), (35, 25)]
INFO:root:[(34, 25), (35, 25)]
INFO:root:[(34, 25), (35, 25)]
INFO:root:[(34, 25), (35, 25)]
INFO:root:[(34, 25), (35, 25)]
INFO:root:[(34, 25), (35, 25)]
INFO:root:[(34, 25), (35, 25)]
INFO:root:[(34, 25), (35, 25)]
INFO:root:[(34, 25), (35, 25)]
INFO:root:[(34, 25), (35, 25)]
INFO:root:[(34, 25), (35, 25)]
INFO:root:[(34, 25), (35, 25)]
INFO:root:[(34, 25), (35, 25)]
INFO:root:[(34, 25), (35, 25)]
INFO:root:[(34, 25), (35, 25)]
INFO:root:[(34, 25), (35, 25)]
INFO:root:[(34, 25), (35, 25)]
INFO:root:[(34, 25), (35, 25)]
INFO:root:[(34, 25), (35, 25)]
INFO:root:[(34, 25), (35, 25)]
INFO:root:[(34, 25), (35, 25)]
INFO:root:[(34, 25), (35, 25)]
INFO:root:[(34, 25), (35, 25)]
INFO:root:[(34, 25), (35, 25)]
INFO:root:[(34, 25), (35, 25)]
INFO:root:[(34, 25), (35, 25)]
INFO:root:[(34, 25), (35, 25)]
INFO:root:[(34, 25), (35, 25)]
INFO:root:[(34, 25), (35, 25)]
INFO:root:[(34, 25), (35, 25)]
INFO:root:[(34, 25), (35, 25)]
INFO:root:[(34, 25), (35, 25)]
INFO:root:[(34, 25), (35, 25)]
INFO:root:[(34, 25), (35, 25)]
INFO:root:[(34, 25), (35, 25)]
INFO:root:[(34, 25), (35, 25)]
INFO:root:[(34, 25), (35, 25)]
INFO:root:[(34, 25), (35, 25)]
INFO:root:[(34, 25), (35, 25)]
INFO:root:[(34, 25), (35, 25)]
INFO:root:[(34, 25), (35, 25)]
INFO:root:[(34, 25), (35, 25)]
INFO:root:[(34, 25), (35, 25)]
INFO:root:[(34, 25), (35, 25)]
INFO:root:[(34, 25), (35, 25)]
INFO:root:[(34, 25), (35, 25)]
INFO:root:[(34, 25), (35, 25)]
INFO:root:[(34, 25), (35, 25)]
INFO:root:[(34, 25), (35, 25)]
INFO:root:[(34, 25), (35, 25)]
INFO:root:[(34, 25), (35, 25)]
INFO:root:[(34, 25), (35, 25)]
INFO:root:[(34, 25), (35, 25)]
INFO:root:[(34, 25), (35, 25)]
INFO:root:[(34, 25), (35, 25)]
INFO:root:[(34, 25), (35, 25)]
INFO:root:[(34, 25), (35, 25)]
INFO:root:[(34, 25), (35, 25)]
INFO:root:[(34, 25), (35, 25)]
INFO:root:[(34, 25), (35, 25)]
INFO:root:[(34, 25), (35, 25)]
INFO:root:[(34, 25), (35, 25)]
INFO:root:[(34, 25), (35, 25)]
INFO:root:[(34, 25), (35, 25)]
INFO:root:[(34, 25), (35, 25)]
INFO:root:[(34, 25), (35, 25)]
INFO:root:[(34, 25), (35, 25)]
INFO:root:[(34, 25), (35, 25)]
INFO:root:[(34, 25), (35, 25)]
INFO:root:[(34, 25), (35, 25)]
INFO:root:[(34, 25), (35, 25)]
INFO:root:[(34, 25), (35, 25)]
INFO:root:[(34, 25), (35, 25)]
INFO:root:[(34, 25), (35, 25)]
INFO:root:[(34, 25), (35, 25)]
INFO:root:[(34, 25), (35, 25)]
INFO:root:[(34, 25), (35, 25)]
INFO:root:[(34, 25), (35, 25)]
INFO:root:[(34, 25), (35, 25)]
INFO:root:[(34, 25), (35, 25)]
INFO:root:[(34, 25), (35, 25)]
INFO:root:[(34, 25), (35, 25)]
INFO:root:[(34, 25), (35, 25)]
INFO:root:[(34, 25), (35, 25)]
INFO:root:[(34, 25), (35, 25)]
INFO:root:[(34, 25), (35, 25)]
INFO:root:[(34, 25), (35, 25)]
INFO:root:[(34, 25), (35, 25)]
INFO:root:[(34, 25), (35, 25)]
INFO:root:[(34, 25), (35, 25)]
INFO:root:[(34, 25), (35, 25)]
INFO:root:[(34, 25), (35, 25)]
INFO:root:[(34, 25), (35, 25)]
INFO:root:[(34, 25), (35, 25)]
INFO:root:[(34, 25), (35, 25)]
INFO:root:[(34, 25), (35, 25)]
INFO:root:[(34, 25), (35, 25)]
INFO:root:[(34, 25), (35, 25)]
INFO:root:[(34, 25), (35, 25)]
INFO:root:[(34, 25), (35, 25)]
INFO:root:[(34, 25), (35, 25)]
INFO:root:[(34, 25), (35, 25)]
INFO:root:[(34, 25), (35, 25)]
INFO:root:[(34, 25), (35, 25)]
INFO:root:[(34, 25), (35, 25)]
INFO:root:[(34, 25), (35, 25)]
INFO:root:[(34, 25), (35, 25)]
INFO:root:[(34, 25), (35, 25)]
INFO:root:[(34, 25), (35, 25)]
INFO:root:[(34, 25), (35, 25)]
INFO:root:[(34, 25), (35, 25)]
INFO:root:[(34, 25), (35, 25)]
INFO:root:[(34, 25), (35, 25)]
INFO:root:[(34, 25), (35, 25)]
INFO:root:[(34, 25), (35, 25)]
INFO:root:[(34, 25), (35, 25)]
INFO:root:[(34, 25), (35, 25)]
INFO:root:[(34, 25), (35, 25)]
INFO:root:[(34, 25), (35, 25)]
INFO:root:[(34, 25), (35, 25)]
INFO:root:[(34, 25), (35, 25)]
INFO:root:[(34, 25), (35, 25)]
INFO:root:[(34, 25), (35, 25)]
INFO:root:[(34, 25), (35, 25)]
INFO:root:[(34, 25), (35, 25)]
INFO:root:[(34, 25), (35, 25)]
INFO:root:[(34, 25), (35, 25)]
INFO:root:[(34, 25), (35, 25)]
INFO:root:[(34, 25), (35, 25)]
INFO:root:[(34, 25), (35, 25)]
INFO:root:[(34, 25), (35, 25)]
INFO:root:[(34, 25), (35, 25)]
INFO:root:[(34, 25), (35, 25)]
INFO:root:[(34, 25), (35, 25)]
INFO:root:[(34, 25), (35, 25)]
INFO:root:[(34, 25), (35, 25)]
INFO:root:[(34, 25), (35, 25)]
INFO:root:[(34, 25), (35, 25)]
INFO:root:[(34, 25), (35, 25)]
INFO:root:[(34, 25), (35, 25)]
INFO:root:[(34, 25), (35, 25)]
INFO:root:[(34, 25), (35, 25)]
INFO:root:[(34, 25), (35, 25)]
INFO:root:[(34, 25), (35, 25)]
INFO:root:[(34, 25), (35, 25)]
INFO:root:[(34, 25), (35, 25)]
INFO:root:[(34, 25), (35, 25)]
INFO:root:[(34, 25), (35, 25)]
INFO:root:[(34, 25), (35, 25)]
INFO:root:[(34, 25), (35, 25)]
INFO:root:[(34, 25), (35, 25)]
INFO:root:[(34, 25), (35, 25)]
INFO:root:[(34, 25), (35, 25)]
INFO:root:[(34, 25), (35, 25)]
INFO:root:[(34, 25), (35, 25)]
INFO:root:[(34, 25), (35, 25)]
INFO:root:[(34, 25), (35, 25)]
INFO:root:[(34, 25), (35, 25)]
INFO:root:[(34, 25), (35, 25)]
INFO:root:[(34, 25), (35, 25)]
INFO:root:[(34, 25), (35, 25)]
INFO:root:[(34, 25), (35, 25)]
INFO:root:[(34, 25), (35, 25)]
INFO:root:[(34, 25), (35, 25)]
INFO:root:[(34, 25), (35, 25)]
INFO:root:[(34, 25), (35, 25)]
INFO:root:[(34, 25), (35, 25)]
INFO:root:[(34, 25), (35, 25)]
INFO:root:[(34, 25), (35, 25)]
INFO:root:[(34, 25), (35, 25)]
INFO:root:[(34, 25), (35, 25)]
INFO:root:[(34, 25), (35, 25)]
INFO:root:[(34, 25), (35, 25)]
INFO:root:[(34, 25), (35, 25)]
INFO:root:[(34, 25), (35, 25)]
INFO:root:[(34, 25), (35, 25)]
INFO:root:[(34, 25), (35, 25)]
INFO:root:[(34, 25), (35, 25)]
INFO:root:[(34, 25), (35, 25)]
INFO:root:[(34, 25), (35, 25)]
INFO:root:[(34, 25), (35, 25)]
INFO:root:[(34, 25), (35, 25)]
INFO:root:[(34, 25), (35, 25)]
INFO:root:[(34, 25), (35, 25)]
INFO:root:[(34, 25), (35, 25)]
INFO:root:[(34, 25), (35, 25)]
INFO:root:[(34, 25), (35, 25)]
INFO:root:[(34, 25), (35, 25)]
INFO:root:[(34, 25), (35, 25)]
INFO:root:[(34, 25), (35, 25)]
INFO:root:[(34, 25), (35, 25)]
INFO:root:[(34, 25), (35, 25)]
INFO:root:[(34, 25), (35, 25)]
INFO:root:[(34, 25), (35, 25)]
INFO:root:[(34, 25), (35, 25)]
INFO:root:[(34, 25), (35, 25)]
INFO:root:[(34, 25), (35, 25)]
INFO:root:[(34, 25), (35, 25)]
INFO:root:[(34, 25), (35, 25)]
INFO:root:[(34, 25), (35, 25)]
INFO:root:[(34, 25), (35, 25)]
INFO:root:[(34, 25), (35, 25)]
INFO:root:[(34, 25), (35, 25)]
INFO:root:[(34, 25), (35, 25)]
INFO:root:[(34, 25), (35, 25)]
INFO:root:[(34, 25), (35, 25)]
INFO:root:[(34, 25), (35, 25)]
INFO:root:[(34, 25), (35, 25)]
INFO:root:[(34, 25), (35, 25)]
INFO:root:[(34, 25), (35, 25)]
INFO:root:[(34, 25), (35, 25)]
INFO:root:[(34, 25), (35, 25)]
INFO:root:[(34, 25), (35, 25)]
INFO:root:[(34, 25), (35, 25)]
INFO:root:[(34, 25), (35, 25)]
INFO:root:[(34, 25), (35, 25)]
INFO:root:[(34, 25), (35, 25)]
INFO:root:[(34, 25), (35, 25)]
INFO:root:[(34, 25), (35, 25)]
INFO:root:[(34, 25), (35, 25)]
INFO:root:[(34, 25), (35, 25)]
INFO:root:[(34, 25), (35, 25)]
INFO:root:[(34, 25), (35, 25)]
INFO:root:[(34, 25), (35, 25)]
INFO:root:[(34, 25), (35, 25)]
INFO:root:[(34, 25), (35, 25)]
INFO:root:[(34, 25), (35, 25)]
INFO:root:[(34, 25), (35, 25)]
INFO:root:[(34, 25), (35, 25)]
INFO:root:[(34, 25), (35, 25)]
INFO:root:[(34, 25), (35, 25)]
INFO:root:[(34, 25), (35, 25)]
INFO:root:[(34, 25), (35, 25)]
INFO:root:[(34, 25), (35, 25)]
INFO:root:[(34, 25), (35, 25)]
INFO:root:[(34, 25), (35, 25)]
INFO:root:[(34, 25), (35, 25)]
INFO:root:[(34, 25), (35, 25)]
INFO:root:[(34, 25), (35, 25)]
INFO:root:[(34, 25), (35, 25)]
INFO:root:[(34, 25), (35, 25)]
INFO:root:[(34, 25), (35, 25)]
INFO:root:[(34, 25), (35, 25)]
INFO:root:[(34, 25), (35, 25)]
INFO:root:[(34, 25), (35, 25)]
INFO:root:[(34, 25), (35, 25)]
INFO:root:[(34, 25), (35, 25)]
INFO:root:[(34, 25), (35, 25)]
INFO:root:[(34, 25), (35, 25)]
INFO:root:[(34, 25), (35, 25)]
INFO:root:[(34, 25), (35, 25)]
INFO:root:[(34, 25), (35, 25)]
INFO:root:[(34, 25), (35, 25)]
INFO:root:[(34, 25), (35, 25)]
INFO:root:[(34, 25), (35, 25)]
INFO:root:[(34, 25), (35, 25)]
INFO:root:[(34, 25), (35, 25)]
INFO:root:[(34, 25), (35, 25)]
INFO:root:[(34, 25), (35, 25)]
INFO:root:[(34, 25), (35, 25)]
INFO:root:[(34, 25), (35, 25)]
INFO:root:[(34, 25), (35, 25)]
INFO:root:[(34, 25), (35, 25)]
INFO:root:[(34, 25), (35, 25)]
INFO:root:[(34, 25), (35, 25)]
INFO:root:[(34, 25), (35, 25)]
INFO:root:[(34, 25), (35, 25)]
INFO:root:[(34, 25), (35, 25)]
INFO:root:[(34, 25), (35, 25)]
INFO:root:[(34, 25), (35, 25)]
INFO:root:[(34, 25), (35, 25)]
INFO:root:[(34, 25), (35, 25)]
INFO:root:[(34, 25), (35, 25)]
INFO:root:[(34, 25), (35, 25)]
INFO:root:[(34, 25), (35, 25)]
INFO:root:[(34, 25), (35, 25)]
INFO:root:[(34, 25), (35, 25)]
INFO:root:[(34, 25), (35, 25)]
INFO:root:[(34, 25), (35, 25)]
INFO:root:[(34, 25), (35, 25)]
INFO:root:[(34, 25), (35, 25)]
INFO:root:[(34, 25), (35, 25)]
INFO:root:[(34, 25), (35, 25)]
INFO:root:[(34, 25), (35, 25)]
INFO:root:[(34, 25), (35, 25)]
INFO:root:[(34, 25), (35, 25)]
INFO:root:[(34, 25), (35, 25)]
INFO:root:[(34, 25), (35, 25)]
INFO:root:[(34, 25), (35, 25)]
INFO:root:[(34, 25), (35, 25)]
INFO:root:[(34, 25), (35, 25)]
INFO:root:[(34, 25), (35, 25)]
INFO:root:[(34, 25), (35, 25)]
INFO:root:[(34, 25), (35, 25)]
INFO:root:[(34, 25), (35, 25)]
INFO:root:[(34, 25), (35, 25)]
INFO:root:[(34, 25), (35, 25)]
INFO:root:[(34, 25), (35, 25)]
INFO:root:[(34, 25), (35, 25)]
INFO:root:[(34, 25), (35, 25)]
INFO:root:[(34, 25), (35, 25)]
INFO:root:[(34, 25), (35, 25)]
INFO:root:[(34, 25), (35, 25)]
INFO:root:[(34, 25), (35, 25)]
INFO:root:[(34, 25), (35, 25)]
INFO:root:[(34, 25), (35, 25)]
INFO:root:[(34, 25), (35, 25)]
INFO:root:[(34, 25), (35, 25)]
INFO:root:[(34, 25), (35, 25)]
INFO:root:[(34, 25), (35, 25)]
INFO:root:[(34, 25), (35, 25)]
INFO:root:[(34, 25), (35, 25)]
INFO:root:[(34, 25), (35, 25)]
INFO:root:[(34, 25), (35, 25)]
INFO:root:[(34, 25), (35, 25)]
INFO:root:[(34, 25), (35, 25)]
INFO:root:[(34, 25), (35, 25)]
INFO:root:[(34, 25), (35, 25)]
INFO:root:[(34, 25), (35, 25)]
INFO:root:[(34, 25), (35, 25)]
INFO:root:[(34, 25), (35, 25)]
INFO:root:[(34, 25), (35, 25)]
INFO:root:[(34, 25), (35, 25)]
INFO:root:[(34, 25), (35, 25)]
INFO:root:[(34, 25), (35, 25)]
INFO:root:[(34, 25), (35, 25)]
INFO:root:[(34, 25), (35, 25)]
INFO:root:[(34, 25), (35, 25)]
INFO:root:[(34, 25), (35, 25)]
INFO:root:[(34, 25), (35, 25)]
INFO:root:[(34, 25), (35, 25)]
INFO:root:[(34, 25), (35, 25)]
INFO:root:[(34, 25), (35, 25)]
INFO:root:[(34, 25), (35, 25)]
INFO:root:[(34, 25), (35, 25)]
INFO:root:[(34, 25), (35, 25)]
INFO:root:[(34, 25), (35, 25)]
INFO:root:[(34, 25), (35, 25)]
INFO:root:[(34, 25), (35, 25)]
INFO:root:[(34, 25), (35, 25)]
INFO:root:[(34, 25), (35, 25)]
INFO:root:[(34, 25), (35, 25)]
INFO:root:[(34, 25), (35, 25)]
INFO:root:[(34, 25), (35, 25)]
INFO:root:[(34, 25), (35, 25)]
INFO:root:[(34, 25), (35, 25)]
INFO:root:[(34, 25), (35, 25)]
INFO:root:[(34, 25), (35, 25)]
INFO:root:[(34, 25), (35, 25)]
INFO:root:[(34, 25), (35, 25)]
INFO:root:[(34, 25), (35, 25)]
INFO:root:[(34, 25), (35, 25)]
INFO:root:[(34, 25), (35, 25)]
INFO:root:[(34, 25), (35, 25)]
INFO:root:[(34, 25), (35, 25)]
INFO:root:[(34, 25), (35, 25)]
INFO:root:[(34, 25), (35, 25)]
INFO:root:[(34, 25), (35, 25)]
INFO:root:[(34, 25), (35, 25)]
INFO:root:[(34, 25), (35, 25)]
INFO:root:[(34, 25), (35, 25)]
INFO:root:[(34, 25), (35, 25)]
INFO:root:[(34, 25), (35, 25)]
INFO:root:[(34, 25), (35, 25)]
INFO:root:[(34, 25), (35, 25)]
INFO:root:[(34, 25), (35, 25)]
INFO:root:[(34, 25), (35, 25)]
INFO:root:[(34, 25), (35, 25)]
INFO:root:[(34, 25), (35, 25)]
INFO:root:[(34, 25), (35, 25)]
INFO:root:[(34, 25), (35, 25)]
INFO:root:[(34, 25), (35, 25)]
INFO:root:[(34, 25), (35, 25)]
INFO:root:[(34, 25), (35, 25)]
INFO:root:[(34, 25), (35, 25)]
INFO:root:[(34, 25), (35, 25)]
INFO:root:[(34, 25), (35, 25)]
INFO:root:[(34, 25), (35, 25)]
INFO:root:[(34, 25), (35, 25)]
INFO:root:[(34, 25), (35, 25)]
INFO:root:[(34, 25), (35, 25)]
INFO:root:[(34, 25), (35, 25)]
INFO:root:[(34, 25), (35, 25)]
INFO:root:[(34, 25), (35, 25)]
INFO:root:[(34, 25), (35, 25)]
INFO:root:[(34, 25), (35, 25)]
INFO:root:[(34, 25), (35, 25)]
INFO:root:[(34, 25), (35, 25)]
INFO:root:[(34, 25), (35, 25)]
INFO:root:[(34, 25), (35, 25)]
INFO:root:[(34, 25), (35, 25)]
INFO:root:[(34, 25), (35, 25)]
INFO:root:[(34, 25), (35, 25)]
INFO:root:[(34, 25), (35, 25)]
INFO:root:[(34, 25), (35, 25)]
INFO:root:[(34, 25), (35, 25)]
INFO:root:[(34, 25), (35, 25)]
INFO:root:[(34, 25), (35, 25)]
INFO:root:[(34, 25), (35, 25)]
INFO:root:[(34, 25), (35, 25)]
INFO:root:[(34, 25), (35, 25)]
INFO:root:[(34, 25), (35, 25)]
INFO:root:[(34, 25), (35, 25)]
INFO:root:[(34, 25), (35, 25)]
INFO:root:[(34, 25), (35, 25)]
INFO:root:[(34, 25), (35, 25)]
INFO:root:[(34, 25), (35, 25)]
INFO:root:[(34, 25), (35, 25)]
INFO:root:[(34, 25), (35, 25)]
INFO:root:[(34, 25), (35, 25)]
INFO:root:[(34, 25), (35, 25)]
INFO:root:[(34, 25), (35, 25)]
INFO:root:[(34, 25), (35, 25)]
INFO:root:[(34, 25), (35, 25)]
INFO:root:[(34, 25), (35, 25)]
INFO:root:[(34, 25), (35, 25)]
INFO:root:[(34, 25), (35, 25)]
INFO:root:[(34, 25), (35, 25)]
INFO:root:[(34, 25), (35, 25)]
INFO:root:[(34, 25), (35, 25)]
INFO:root:[(34, 25), (35, 25)]
INFO:root:[(34, 25), (35, 25)]
INFO:root:[(34, 25), (35, 25)]
INFO:root:[(34, 25), (35, 25)]
INFO:root:[(34, 25), (35, 25)]
INFO:root:[(34, 25), (35, 25)]
INFO:root:[(34, 25), (35, 25)]
INFO:root:[(34, 25), (35, 25)]
INFO:root:[(34, 25), (35, 25)]
INFO:root:[(34, 25), (35, 25)]
INFO:root:[(34, 25), (35, 25)]
INFO:root:[(34, 25), (35, 25)]
INFO:root:[(34, 25), (35, 25)]
INFO:root:[(34, 25), (35, 25)]
INFO:root:[(34, 25), (35, 25)]
INFO:root:[(34, 25), (35, 25)]
INFO:root:[(34, 25), (35, 25)]
INFO:root:[(34, 25), (35, 25)]
INFO:root:[(34, 25), (35, 25)]
INFO:root:[(34, 25), (35, 25)]
INFO:root:[(34, 25), (35, 25)]
INFO:root:[(34, 25), (35, 25)]
INFO:root:[(34, 25), (35, 25)]
INFO:root:[(34, 25), (35, 25)]
INFO:root:[(34, 25), (35, 25)]
INFO:root:[(34, 25), (35, 25)]
INFO:root:[(34, 25), (35, 25)]
INFO:root:[(34, 25), (35, 25)]
INFO:root:[(34, 25), (35, 25)]
INFO:root:[(34, 25), (35, 25)]
INFO:root:[(34, 25), (35, 25)]
INFO:root:[(34, 25), (35, 25)]
INFO:root:[(34, 25), (35, 25)]
INFO:root:[(34, 25), (35, 25)]
INFO:root:[(34, 25), (35, 25)]
INFO:root:[(34, 25), (35, 25)]
INFO:root:[(34, 25), (35, 25)]
INFO:root:[(34, 25), (35, 25)]
INFO:root:[(34, 25), (35, 25)]
INFO:root:[(34, 25), (35, 25)]
INFO:root:[(34, 25), (35, 25)]
INFO:root:[(34, 25), (35, 25)]
INFO:root:[(34, 25), (35, 25)]
INFO:root:[(34, 25), (35, 25)]
INFO:root:[(34, 25), (35, 25)]
INFO:root:[(34, 25), (35, 25)]
INFO:root:[(34, 25), (35, 25)]
INFO:root:[(34, 25), (35, 25)]
INFO:root:[(34, 25), (35, 25)]
INFO:root:[(34, 25), (35, 25)]
INFO:root:[(34, 25), (35, 25)]
INFO:root:[(34, 25), (35, 25)]
INFO:root:[(34, 25), (35, 25)]
INFO:root:[(34, 25), (35, 25)]
INFO:root:[(34, 25), (35, 25)]
INFO:root:[(34, 25), (35, 25)]
INFO:root:[(34, 25), (35, 25)]
INFO:root:[(34, 25), (35, 25)]
INFO:root:[(34, 25), (35, 25)]
INFO:root:[(34, 25), (35, 25)]
INFO:root:[(34, 25), (35, 25)]
INFO:root:[(34, 25), (35, 25)]
INFO:root:[(34, 25), (35, 25)]
INFO:root:[(34, 25), (35, 25)]
INFO:root:[(34, 25), (35, 25)]
INFO:root:[(34, 25), (35, 25)]
INFO:root:[(34, 25), (35, 25)]
INFO:root:[(34, 25), (35, 25)]
INFO:root:[(34, 25), (35, 25)]
INFO:root:[(34, 25), (35, 25)]
INFO:root:[(34, 25), (35, 25)]
INFO:root:[(34, 25), (35, 25)]
INFO:root:[(34, 25), (35, 25)]
INFO:root:[(34, 25), (35, 25)]
INFO:root:[(34, 25), (35, 25)]
INFO:root:[(34, 25), (35, 25)]
INFO:root:[(34, 25), (35, 25)]
INFO:root:[(34, 25), (35, 25)]
INFO:root:[(34, 25), (35, 25)]
INFO:root:[(34, 25), (35, 25)]
INFO:root:[(34, 25), (35, 25)]
INFO:root:[(34, 25), (35, 25)]
INFO:root:[(34, 25), (35, 25)]
INFO:root:[(34, 25), (35, 25)]
INFO:root:[(34, 25), (35, 25)]
INFO:root:[(34, 25), (35, 25)]
INFO:root:[(34, 25), (35, 25)]
INFO:root:[(34, 25), (35, 25)]
INFO:root:[(34, 25), (35, 25)]
INFO:root:[(34, 25), (35, 25)]
INFO:root:[(34, 25), (35, 25)]
INFO:root:[(34, 25), (35, 25)]
INFO:root:[(34, 25), (35, 25)]
INFO:root:[(34, 25), (35, 25)]
INFO:root:[(34, 25), (35, 25)]
INFO:root:[(34, 25), (35, 25)]
INFO:root:[(34, 25), (35, 25)]
INFO:root:[(34, 25), (35, 25)]
INFO:root:[(34, 25), (35, 25)]
INFO:root:[(34, 25), (35, 25)]
INFO:root:[(34, 25), (35, 25)]
INFO:root:[(34, 25), (35, 25)]
INFO:root:[(34, 25), (35, 25)]
INFO:root:[(34, 25), (35, 25)]
INFO:root:[(34, 25), (35, 25)]
INFO:root:[(34, 25), (35, 25)]
INFO:root:[(34, 25), (35, 25)]
INFO:root:[(34, 25), (35, 25)]
INFO:root:[(34, 25), (35, 25)]
INFO:root:[(34, 25), (35, 25)]
INFO:root:[(34, 25), (35, 25)]
INFO:root:[(34, 25), (35, 25)]
INFO:root:[(34, 25), (35, 25)]
INFO:root:[(34, 25), (35, 25)]
INFO:root:[(34, 25), (35, 25)]
INFO:root:[(34, 25), (35, 25)]
INFO:root:[(34, 25), (35, 25)]
INFO:root:[(34, 25), (35, 25)]
INFO:root:[(34, 25), (35, 25)]
INFO:root:[(34, 25), (35, 25)]
INFO:root:[(34, 25), (35, 25)]
INFO:root:[(34, 25), (35, 25)]
INFO:root:[(34, 25), (35, 25)]
INFO:root:[(34, 25), (35, 25)]
INFO:root:[(34, 25), (35, 25)]
INFO:root:[(34, 25), (35, 25)]
INFO:root:[(34, 25), (35, 25)]
INFO:root:[(34, 25), (35, 25)]
INFO:root:[(34, 25), (35, 25)]
INFO:root:[(34, 25), (35, 25)]
INFO:root:[(34, 25), (35, 25)]
INFO:root:[(34, 25), (35, 25)]
INFO:root:[(34, 25), (35, 25)]
INFO:root:[(34, 25), (35, 25)]
INFO:root:[(34, 25), (35, 25)]
INFO:root:[(34, 25), (35, 25)]
INFO:root:[(34, 25), (35, 25)]
INFO:root:[(34, 25), (35, 25)]
INFO:root:[(34, 25), (35, 25)]
INFO:root:[(34, 25), (35, 25)]
INFO:root:[(34, 25), (35, 25)]
INFO:root:[(34, 25), (35, 25)]
INFO:root:[(34, 25), (35, 25)]
INFO:root:[(34, 25), (35, 25)]
INFO:root:[(34, 25), (35, 25)]
INFO:root:[(34, 25), (35, 25)]
INFO:root:[(34, 25), (35, 25)]
INFO:root:[(34, 25), (35, 25)]
INFO:root:[(34, 25), (35, 25)]
INFO:root:[(34, 25), (35, 25)]
INFO:root:[(34, 25), (35, 25)]
INFO:root:[(34, 25), (35, 25)]
INFO:root:[(34, 25), (35, 25)]
INFO:root:[(34, 25), (35, 25)]
INFO:root:[(34, 25), (35, 25)]
INFO:root:[(34, 25), (35, 25)]
INFO:root:[(34, 25), (35, 25)]
INFO:root:[(34, 25), (35, 25)]
INFO:root:[(34, 25), (35, 25)]
INFO:root:[(34, 25), (35, 25)]
INFO:root:[(34, 25), (35, 25)]
INFO:root:[(34, 25), (35, 25)]
INFO:root:[(34, 25), (35, 25)]
INFO:root:[(34, 25), (35, 25)]
INFO:root:[(34, 25), (35, 25)]
INFO:root:[(34, 25), (35, 25)]
INFO:root:[(34, 25), (35, 25)]
INFO:root:[(34, 25), (35, 25)]
INFO:root:[(34, 25), (35, 25)]
INFO:root:[(34, 25), (35, 25)]
INFO:root:[(34, 25), (35, 25)]
INFO:root:[(34, 25), (35, 25)]
INFO:root:[(34, 25), (35, 25)]
INFO:root:[(34, 25), (35, 25)]
INFO:root:[(34, 25), (35, 25)]
INFO:root:[(34, 25), (35, 25)]
INFO:root:[(34, 25), (35, 25)]
INFO:root:[(34, 25), (35, 25)]
INFO:root:[(34, 25), (35, 25)]
INFO:root:[(34, 25), (35, 25)]
INFO:root:[(34, 25), (35, 25)]
INFO:root:[(34, 25), (35, 25)]
INFO:root:[(34, 25), (35, 25)]
INFO:root:[(34, 25), (35, 25)]
INFO:root:[(34, 25), (35, 25)]
INFO:root:[(34, 25), (35, 25)]
INFO:root:[(34, 25), (35, 25)]
INFO:root:[(34, 25), (35, 25)]
INFO:root:[(34, 25), (35, 25)]
INFO:root:[(34, 25), (35, 25)]
INFO:root:[(34, 25), (35, 25)]
INFO:root:[(34, 25), (35, 25)]
INFO:root:[(34, 25), (35, 25)]
INFO:root:[(34, 25), (35, 25)]
INFO:root:[(34, 25), (35, 25)]
INFO:root:[(34, 25), (35, 25)]
INFO:root:[(34, 25), (35, 25)]
INFO:root:[(34, 25), (35, 25)]
INFO:root:[(34, 25), (35, 25)]
INFO:root:[(34, 25), (35, 25)]
INFO:root:[(34, 25), (35, 25)]
INFO:root:[(34, 25), (35, 25)]
INFO:root:[(34, 25), (35, 25)]
INFO:root:[(34, 25), (35, 25)]
INFO:root:[(34, 25), (35, 25)]
INFO:root:[(34, 25), (35, 25)]
INFO:root:[(34, 25), (35, 25)]
INFO:root:[(34, 25), (35, 25)]
INFO:root:[(34, 25), (35, 25)]
INFO:root:[(34, 25), (35, 25)]
INFO:root:[(34, 25), (35, 25)]
INFO:root:[(34, 25), (35, 25)]
INFO:root:[(34, 25), (35, 25)]
INFO:root:[(34, 25), (35, 25)]
INFO:root:[(34, 25), (35, 25)]
INFO:root:[(34, 25), (35, 25)]
INFO:root:[(34, 25), (35, 25)]
INFO:root:[(34, 25), (35, 25)]
INFO:root:[(34, 25), (35, 25)]
INFO:root:[(34, 25), (35, 25)]
INFO:root:[(34, 25), (35, 25)]
INFO:root:[(34, 25), (35, 25)]
INFO:root:[(34, 25), (35, 25)]
INFO:root:[(34, 25), (35, 25)]
INFO:root:[(34, 25), (35, 25)]
INFO:root:[(34, 25), (35, 25)]
INFO:root:[(34, 25), (35, 25)]
INFO:root:[(34, 25), (35, 25)]
INFO:root:[(34, 25), (35, 25)]
INFO:root:[(34, 25), (35, 25)]
INFO:root:[(34, 25), (35, 25)]
INFO:root:[(34, 25), (35, 25)]
INFO:root:[(34, 25), (35, 25)]
INFO:root:[(34, 25), (35, 25)]
INFO:root:[(34, 25), (35, 25)]
INFO:root:[(34, 25), (35, 25)]
INFO:root:[(34, 25), (35, 25)]
INFO:root:[(34, 25), (35, 25)]
INFO:root:[(34, 25), (35, 25)]
INFO:root:[(34, 25), (35, 25)]
INFO:root:[(34, 25), (35, 25)]
INFO:root:[(34, 25), (35, 25)]
INFO:root:[(34, 25), (35, 25)]
INFO:root:[(34, 25), (35, 25)]
INFO:root:[(34, 25), (35, 25)]
INFO:root:[(34, 25), (35, 25)]
INFO:root:[(34, 25), (35, 25)]
INFO:root:[(34, 25), (35, 25)]
INFO:root:[(34, 25), (35, 25)]
INFO:root:[(34, 25), (35, 25)]
INFO:root:[(34, 25), (35, 25)]
INFO:root:[(34, 25), (35, 25)]
INFO:root:[(34, 25), (35, 25)]
INFO:root:[(34, 25), (35, 25)]
INFO:root:[(34, 25), (35, 25)]
INFO:root:[(34, 25), (35, 25)]
INFO:root:[(34, 25), (35, 25)]
INFO:root:[(34, 25), (35, 25)]
INFO:root:[(34, 25), (35, 25)]
INFO:root:[(34, 25), (35, 25)]
INFO:root:[(34, 25), (35, 25)]
INFO:root:[(34, 25), (35, 25)]
INFO:root:[(34, 25), (35, 25)]
INFO:root:[(34, 25), (35, 25)]
INFO:root:[(34, 25), (35, 25)]
INFO:root:[(34, 25), (35, 25)]
INFO:root:[(34, 25), (35, 25)]
INFO:root:[(34, 25), (35, 25)]
INFO:root:[(34, 25), (35, 25)]
INFO:root:[(34, 25), (35, 25)]
INFO:root:[(34, 25), (35, 25)]
INFO:root:[(34, 25), (35, 25)]
INFO:root:[(34, 25), (35, 25)]
INFO:root:[(34, 25), (35, 25)]
INFO:root:[(34, 25), (35, 25)]
INFO:root:[(34, 25), (35, 25)]
INFO:root:[(34, 25), (35, 25)]
INFO:root:[(34, 25), (35, 25)]
INFO:root:[(34, 25), (35, 25)]
INFO:root:[(34, 25), (35, 25)]
INFO:root:[(34, 25), (35, 25)]
INFO:root:[(34, 25), (35, 25)]
INFO:root:[(34, 25), (35, 25)]
INFO:root:[(34, 25), (35, 25)]
INFO:root:[(34, 25), (35, 25)]
INFO:root:[(34, 25), (35, 25)]
INFO:root:[(34, 25), (35, 25)]
INFO:root:[(34, 25), (35, 25)]
INFO:root:[(34, 25), (35, 25)]
INFO:root:[(34, 25), (35, 25)]
INFO:root:[(34, 25), (35, 25)]
INFO:root:[(34, 25), (35, 25)]
INFO:root:[(34, 25), (35, 25)]
INFO:root:[(34, 25), (35, 25)]
INFO:root:[(34, 25), (35, 25)]
INFO:root:[(34, 25), (35, 25)]
INFO:root:[(34, 25), (35, 25)]
INFO:root:[(34, 25), (35, 25)]
INFO:root:[(34, 25), (35, 25)]
INFO:root:[(34, 25), (35, 25)]
INFO:root:[(34, 25), (35, 25)]
INFO:root:[(34, 25), (35, 25)]
INFO:root:[(34, 25), (35, 25)]
INFO:root:[(34, 25), (35, 25)]
INFO:root:[(34, 25), (35, 25)]
INFO:root:[(34, 25), (35, 25)]
INFO:root:[(34, 25), (35, 25)]
INFO:root:[(34, 25), (35, 25)]
INFO:root:[(34, 25), (35, 25)]
INFO:root:[(34, 25), (35, 25)]
INFO:root:[(34, 25), (35, 25)]
INFO:root:[(34, 25), (35, 25)]
INFO:root:[(34, 25), (35, 25)]
INFO:root:[(34, 25), (35, 25)]
INFO:root:[(34, 25), (35, 25)]
INFO:root:[(34, 25), (35, 25)]
INFO:root:[(34, 25), (35, 25)]
INFO:root:[(34, 25), (35, 25)]
INFO:root:[(34, 25), (35, 25)]
INFO:root:[(34, 25), (35, 25)]
INFO:root:[(34, 25), (35, 25)]
INFO:root:[(34, 25), (35, 25)]
INFO:root:[(34, 25), (35, 25)]
INFO:root:[(34, 25), (35, 25)]
INFO:root:[(34, 25), (35, 25)]
INFO:root:[(34, 25), (35, 25)]
INFO:root:[(34, 25), (35, 25)]
INFO:root:[(34, 25), (35, 25)]
INFO:root:[(34, 25), (35, 25)]
INFO:root:[(34, 25), (35, 25)]
INFO:root:[(34, 25), (35, 25)]
INFO:root:[(34, 25), (35, 25)]
INFO:root:[(34, 25), (35, 25)]
INFO:root:[(34, 25), (35, 25)]
INFO:root:[(34, 25), (35, 25)]
INFO:root:[(34, 25), (35, 25)]
INFO:root:[(34, 25), (35, 25)]
INFO:root:[(34, 25), (35, 25)]
INFO:root:[(34, 25), (35, 25)]
INFO:root:[(34, 25), (35, 25)]
INFO:root:[(34, 25), (35, 25)]
INFO:root:[(34, 25), (35, 25)]
INFO:root:[(34, 25), (35, 25)]
INFO:root:[(34, 25), (35, 25)]
INFO:root:[(34, 25), (35, 25)]
INFO:root:[(34, 25), (35, 25)]
INFO:root:[(34, 25), (35, 25)]
INFO:root:[(34, 25), (35, 25)]
INFO:root:[(34, 25), (35, 25)]
INFO:root:[(34, 25), (35, 25)]
INFO:root:[(34, 25), (35, 25)]
INFO:root:[(34, 25), (35, 25)]
INFO:root:[(34, 25), (35, 25)]
INFO:root:[(34, 25), (35, 25)]
INFO:root:[(34, 25), (35, 25)]
INFO:root:[(34, 25), (35, 25)]
INFO:root:[(34, 25), (35, 25)]
INFO:root:[(34, 25), (35, 25)]
INFO:root:[(34, 25), (35, 25)]
INFO:root:[(34, 25), (35, 25)]
INFO:root:[(34, 25), (35, 25)]
INFO:root:[(34, 25), (35, 25)]
INFO:root:[(34, 25), (35, 25)]
INFO:root:[(34, 25), (35, 25)]
INFO:root:[(34, 25), (35, 25)]
INFO:root:[(34, 25), (35, 25)]
INFO:root:[(34, 25), (35, 25)]
INFO:root:[(34, 25), (35, 25)]
INFO:root:[(34, 25), (35, 25)]
INFO:root:[(34, 25), (35, 25)]
INFO:root:[(34, 25), (35, 25)]
INFO:root:[(34, 25), (35, 25)]
INFO:root:[(34, 25), (35, 25)]
INFO:root:[(34, 25), (35, 25)]
INFO:root:[(34, 25), (35, 25)]
INFO:root:[(34, 25), (35, 25)]
INFO:root:[(34, 25), (35, 25)]
INFO:root:[(34, 25), (35, 25)]
INFO:root:[(34, 25), (35, 25)]
INFO:root:[(34, 25), (35, 25)]
INFO:root:[(34, 25), (35, 25)]
INFO:root:[(34, 25), (35, 25)]
INFO:root:[(34, 25), (35, 25)]
INFO:root:[(34, 25), (35, 25)]
INFO:root:[(34, 25), (35, 25)]
INFO:root:[(34, 25), (35, 25)]
INFO:root:[(34, 25), (35, 25)]
INFO:root:[(34, 25), (35, 25)]
INFO:root:[(34, 25), (35, 25)]
INFO:root:[(34, 25), (35, 25)]
INFO:root:[(34, 25), (35, 25)]
INFO:root:[(34, 25), (35, 25)]
INFO:root:[(34, 25), (35, 25)]
INFO:root:[(34, 25), (35, 25)]
INFO:root:[(34, 25), (35, 25)]
INFO:root:[(34, 25), (35, 25)]
INFO:root:[(34, 25), (35, 25)]
INFO:root:[(34, 25), (35, 25)]
INFO:root:[(34, 25), (35, 25)]
INFO:root:[(34, 25), (35, 25)]
INFO:root:[(34, 25), (35, 25)]
INFO:root:[(34, 25), (35, 25)]
INFO:root:[(34, 25), (35, 25)]
INFO:root:[(34, 25), (35, 25)]
INFO:root:[(34, 25), (35, 25)]
INFO:root:[(34, 25), (35, 25)]
INFO:root:[(34, 25), (35, 25)]
INFO:root:[(34, 25), (35, 25)]
INFO:root:[(34, 25), (35, 25)]
INFO:root:[(34, 25), (35, 25)]
INFO:root:[(34, 25), (35, 25)]
INFO:root:[(34, 25), (35, 25)]
INFO:root:[(34, 25), (35, 25)]
INFO:root:[(34, 25), (35, 25)]
INFO:root:[(34, 25), (35, 25)]
INFO:root:[(34, 25), (35, 25)]
INFO:root:[(34, 25), (35, 25)]
INFO:root:[(34, 25), (35, 25)]
INFO:root:[(34, 25), (35, 25)]
INFO:root:[(34, 25), (35, 25)]
INFO:root:[(34, 25), (35, 25)]
INFO:root:[(34, 25), (35, 25)]
INFO:root:[(34, 25), (35, 25)]
INFO:root:[(34, 25), (35, 25)]
INFO:root:[(34, 25), (35, 25)]
INFO:root:[(34, 25), (35, 25)]
INFO:root:[(34, 25), (35, 25)]
INFO:root:[(34, 25), (35, 25)]
INFO:root:[(34, 25), (35, 25)]
INFO:root:[(34, 25), (35, 25)]
INFO:root:[(34, 25), (35, 25)]
INFO:root:[(34, 25), (35, 25)]
INFO:root:[(34, 25), (35, 25)]
INFO:root:[(34, 25), (35, 25)]
INFO:root:[(34, 25), (35, 25)]
INFO:root:[(34, 25), (35, 25)]
INFO:root:[(34, 25), (35, 25)]
INFO:root:[(34, 25), (35, 25)]
INFO:root:[(34, 25), (35, 25)]
INFO:root:[(34, 25), (35, 25)]
INFO:root:[(34, 25), (35, 25)]
INFO:root:[(34, 25), (35, 25)]
INFO:root:[(34, 25), (35, 25)]
INFO:root:[(34, 25), (35, 25)]
INFO:root:[(34, 25), (35, 25)]
INFO:root:[(34, 25), (35, 25)]
INFO:root:[(34, 25), (35, 25)]
INFO:root:[(34, 25), (35, 25)]
INFO:root:[(34, 25), (35, 25)]
INFO:root:[(34, 25), (35, 25)]
INFO:root:[(34, 25), (35, 25)]
INFO:root:[(34, 25), (35, 25)]
INFO:root:[(34, 25), (35, 25)]
INFO:root:[(34, 25), (35, 25)]
INFO:root:[(34, 25), (35, 25)]
INFO:root:[(34, 25), (35, 25)]
INFO:root:[(34, 25), (35, 25)]
INFO:root:[(34, 25), (35, 25)]
INFO:root:[(34, 25), (35, 25)]
INFO:root:[(34, 25), (35, 25)]
INFO:root:[(34, 25), (35, 25)]
INFO:root:[(34, 25), (35, 25)]
INFO:root:[(34, 25), (35, 25)]
INFO:root:[(34, 25), (35, 25)]
INFO:root:[(34, 25), (35, 25)]
INFO:root:[(34, 25), (35, 25)]
INFO:root:[(34, 25), (35, 25)]
INFO:root:[(34, 25), (35, 25)]
INFO:root:[(34, 25), (35, 25)]
INFO:root:[(34, 25), (35, 25)]
INFO:root:[(34, 25), (35, 25)]
INFO:root:[(34, 25), (35, 25)]
INFO:root:[(34, 25), (35, 25)]
INFO:root:[(34, 25), (35, 25)]
INFO:root:[(34, 25), (35, 25)]
INFO:root:[(34, 25), (35, 25)]
INFO:root:[(34, 25), (35, 25)]
INFO:root:[(34, 25), (35, 25)]
INFO:root:[(34, 25), (35, 25)]
INFO:root:[(34, 25), (35, 25)]
INFO:root:[(34, 25), (35, 25)]
INFO:root:[(34, 25), (35, 25)]
INFO:root:[(34, 25), (35, 25)]
INFO:root:[(34, 25), (35, 25)]
INFO:root:[(34, 25), (35, 25)]
INFO:root:[(34, 25), (35, 25)]
INFO:root:[(34, 25), (35, 25)]
INFO:root:[(34, 25), (35, 25)]
INFO:root:[(34, 25), (35, 25)]
INFO:root:[(34, 25), (35, 25)]
INFO:root:[(34, 25), (35, 25)]
INFO:root:[(34, 25), (35, 25)]
INFO:root:[(34, 25), (35, 25)]
INFO:root:[(34, 25), (35, 25)]
INFO:root:[(34, 25), (35, 25)]
INFO:root:[(34, 25), (35, 25)]
INFO:root:[(34, 25), (35, 25)]
INFO:root:[(34, 25), (35, 25)]
INFO:root:[(34, 25), (35, 25)]
INFO:root:[(34, 25), (35, 25)]
INFO:root:[(34, 25), (35, 25)]
INFO:root:[(34, 25), (35, 25)]
INFO:root:[(34, 25), (35, 25)]
INFO:root:[(34, 25), (35, 25)]
INFO:root:[(34, 25), (35, 25)]
INFO:root:[(34, 25), (35, 25)]
INFO:root:[(34, 25), (35, 25)]
INFO:root:[(34, 25), (35, 25)]
INFO:root:[(34, 25), (35, 25)]
INFO:root:[(34, 25), (35, 25)]
INFO:root:[(34, 25), (35, 25)]
INFO:root:[(34, 25), (35, 25)]
INFO:root:[(34, 25), (35, 25)]
INFO:root:[(34, 25), (35, 25)]
INFO:root:[(34, 25), (35, 25)]
INFO:root:[(34, 25), (35, 25)]
INFO:root:[(34, 25), (35, 25)]
INFO:root:[(34, 25), (35, 25)]
INFO:root:[(34, 25), (35, 25)]
INFO:root:[(34, 25), (35, 25)]
INFO:root:[(34, 25), (35, 25)]
INFO:root:[(34, 25), (35, 25)]
INFO:root:[(34, 25), (35, 25)]
INFO:root:[(34, 25), (35, 25)]
INFO:root:[(34, 25), (35, 25)]
INFO:root:[(34, 25), (35, 25)]
INFO:root:[(34, 25), (35, 25)]
INFO:root:[(34, 25), (35, 25)]
INFO:root:[(34, 25), (35, 25)]
INFO:root:[(34, 25), (35, 25)]
INFO:root:[(34, 25), (35, 25)]
INFO:root:[(34, 25), (35, 25)]
INFO:root:[(34, 25), (35, 25)]
INFO:root:[(34, 25), (35, 25)]
INFO:root:[(34, 25), (35, 25)]
INFO:root:[(34, 25), (35, 25)]
INFO:root:[(34, 25), (35, 25)]
INFO:root:[(34, 25), (35, 25)]
INFO:root:[(34, 25), (35, 25)]
INFO:root:[(34, 25), (35, 25)]
INFO:root:[(34, 25), (35, 25)]
INFO:root:[(34, 25), (35, 25)]
INFO:root:[(34, 25), (35, 25)]
INFO:root:[(34, 25), (35, 25)]
INFO:root:[(34, 25), (35, 25)]
INFO:root:[(34, 25), (35, 25)]
INFO:root:[(34, 25), (35, 25)]
INFO:root:[(34, 25), (35, 25)]
INFO:root:[(34, 25), (35, 25)]
INFO:root:[(34, 25), (35, 25)]
INFO:root:[(34, 25), (35, 25)]
INFO:root:[(34, 25), (35, 25)]
INFO:root:[(34, 25), (35, 25)]
INFO:root:[(34, 25), (35, 25)]
INFO:root:[(34, 25), (35, 25)]
INFO:root:[(34, 25), (35, 25)]
INFO:root:[(34, 25), (35, 25)]
INFO:root:[(34, 25), (35, 25)]
INFO:root:[(34, 25), (35, 25)]
INFO:root:[(34, 25), (35, 25)]
INFO:root:[(34, 25), (35, 25)]
INFO:root:[(34, 25), (35, 25)]
INFO:root:[(34, 25), (35, 25)]
INFO:root:[(34, 25), (35, 25)]
INFO:root:[(34, 25), (35, 25)]
INFO:root:[(34, 25), (35, 25)]
INFO:root:[(34, 25), (35, 25)]
INFO:root:[(34, 25), (35, 25)]
INFO:root:[(34, 25), (35, 25)]
INFO:root:[(34, 25), (35, 25)]
INFO:root:[(34, 25), (35, 25)]
INFO:root:[(34, 25), (35, 25)]
INFO:root:[(34, 25), (35, 25)]
INFO:root:[(34, 25), (35, 25)]
INFO:root:[(34, 25), (35, 25)]
INFO:root:[(34, 25), (35, 25)]
INFO:root:[(34, 25), (35, 25)]
INFO:root:[(34, 25), (35, 25)]
INFO:root:[(34, 25), (35, 25)]
INFO:root:[(34, 25), (35, 25)]
INFO:root:[(34, 25), (35, 25)]
INFO:root:[(34, 25), (35, 25)]
INFO:root:[(34, 25), (35, 25)]
INFO:root:[(34, 25), (35, 25)]
INFO:root:[(34, 25), (35, 25)]
INFO:root:[(34, 25), (35, 25)]
INFO:root:[(34, 25), (35, 25)]
INFO:root:[(34, 25), (35, 25)]
INFO:root:[(34, 25), (35, 25)]
INFO:root:[(34, 25), (35, 25)]
INFO:root:[(34, 25), (35, 25)]
INFO:root:[(34, 25), (35, 25)]
INFO:root:[(34, 25), (35, 25)]
INFO:root:[(34, 25), (35, 25)]
INFO:root:[(34, 25), (35, 25)]
INFO:root:[(34, 25), (35, 25)]
INFO:root:[(34, 25), (35, 25)]
INFO:root:[(34, 25), (35, 25)]
INFO:root:[(34, 25), (35, 25)]
INFO:root:[(34, 25), (35, 25)]
INFO:root:[(34, 25), (35, 25)]
INFO:root:[(34, 25), (35, 25)]
INFO:root:[(34, 25), (35, 25)]
INFO:root:[(34, 25), (35, 25)]
INFO:root:[(34, 25), (35, 25)]
INFO:root:[(34, 25), (35, 25)]
INFO:root:[(34, 25), (35, 25)]
INFO:root:[(34, 25), (35, 25)]
INFO:root:[(34, 25), (35, 25)]
INFO:root:[(34, 25), (35, 25)]
INFO:root:[(34, 25), (35, 25)]
INFO:root:[(34, 25), (35, 25)]
INFO:root:[(34, 25), (35, 25)]
INFO:root:[(34, 25), (35, 25)]
INFO:root:[(34, 25), (35, 25)]
INFO:root:[(34, 25), (35, 25)]
INFO:root:[(34, 25), (35, 25)]
INFO:root:[(34, 25), (35, 25)]
INFO:root:[(34, 25), (35, 25)]
INFO:root:[(34, 25), (35, 25)]
INFO:root:[(34, 25), (35, 25)]
INFO:root:[(34, 25), (35, 25)]
INFO:root:[(34, 25), (35, 25)]
INFO:root:[(34, 25), (35, 25)]
INFO:root:[(34, 25), (35, 25)]
INFO:root:[(34, 25), (35, 25)]
INFO:root:[(34, 25), (35, 25)]
INFO:root:[(34, 25), (35, 25)]
INFO:root:[(34, 25), (35, 25)]
INFO:root:[(34, 25), (35, 25)]
INFO:root:[(34, 25), (35, 25)]
INFO:root:[(34, 25), (35, 25)]
INFO:root:[(34, 25), (35, 25)]
